<?xml version="1.0" encoding="UTF-8"?>
<testng-results skipped="0" failed="0" ignored="0" total="2" passed="2">
  <reporter-output>
  </reporter-output>
  <suite name="Default suite" duration-ms="31972" started-at="2021-09-17T09:43:39 IST" finished-at="2021-09-17T09:44:11 IST">
    <groups>
    </groups>
    <test name="Default test" duration-ms="31972" started-at="2021-09-17T09:43:39 IST" finished-at="2021-09-17T09:44:11 IST">
      <class name="sample1.Script1">
        <test-method status="PASS" signature="setUp()[pri:0, instance:sample1.Script1@306279ee]" name="setUp" is-config="true" duration-ms="278" started-at="2021-09-17T09:43:38 IST" finished-at="2021-09-17T09:43:39 IST">
          <reporter-output>
          </reporter-output>
        </test-method> <!-- setUp -->
        <test-method status="PASS" signature="TestMethod()[pri:0, instance:sample1.Script1@306279ee]" name="TestMethod" duration-ms="14966" started-at="2021-09-17T09:43:39 IST" finished-at="2021-09-17T09:43:54 IST">
          <reporter-output>
          </reporter-output>
        </test-method> <!-- TestMethod -->
        <test-method status="PASS" signature="TestMethod1()[pri:0, instance:sample1.Script1@306279ee]" name="TestMethod1" duration-ms="16944" started-at="2021-09-17T09:43:54 IST" finished-at="2021-09-17T09:44:11 IST">
          <reporter-output>
          </reporter-output>
        </test-method> <!-- TestMethod1 -->
        <test-method status="PASS" signature="tearDown()[pri:0, instance:sample1.Script1@306279ee]" name="tearDown" is-config="true" duration-ms="352" started-at="2021-09-17T09:44:11 IST" finished-at="2021-09-17T09:44:11 IST">
          <reporter-output>
          </reporter-output>
        </test-method> <!-- tearDown -->
      </class> <!-- sample1.Script1 -->
    </test> <!-- Default test -->
  </suite> <!-- Default suite -->
</testng-results>
